<?xml version="1.0" encoding="UTF-8"?>
<coverage generated="1691970494408" clover="3.2.0">
  <project timestamp="1691970494408" name="All files">
    <metrics statements="49" coveredstatements="38" conditionals="12" coveredconditionals="9" methods="19" coveredmethods="17" elements="80" coveredelements="64" complexity="0" loc="49" ncloc="49" packages="2" files="5" classes="5"/>
    <package name="src">
      <metrics statements="31" coveredstatements="20" conditionals="10" coveredconditionals="7" methods="8" coveredmethods="6"/>
      <file name="App.js" path="/Users/shen/work/movie-app/frontend/src/App.js">
        <metrics statements="25" coveredstatements="15" conditionals="10" coveredconditionals="7" methods="7" coveredmethods="5"/>
        <line num="14" count="1" type="stmt"/>
        <line num="15" count="3" type="stmt"/>
        <line num="16" count="3" type="stmt"/>
        <line num="17" count="3" type="stmt"/>
        <line num="18" count="3" type="stmt"/>
        <line num="28" count="3" type="stmt"/>
        <line num="29" count="1" type="stmt"/>
        <line num="31" count="1" type="stmt"/>
        <line num="33" count="1" type="stmt"/>
        <line num="36" count="1" type="stmt"/>
        <line num="39" count="0" type="stmt"/>
        <line num="42" count="1" type="stmt"/>
        <line num="46" count="3" type="stmt"/>
        <line num="47" count="3" type="cond" truecount="1" falsecount="1"/>
        <line num="48" count="3" type="stmt"/>
        <line num="50" count="0" type="stmt"/>
        <line num="52" count="0" type="stmt"/>
        <line num="53" count="0" type="stmt"/>
        <line num="54" count="0" type="stmt"/>
        <line num="55" count="0" type="stmt"/>
        <line num="57" count="0" type="cond" truecount="0" falsecount="2"/>
        <line num="58" count="0" type="stmt"/>
        <line num="60" count="0" type="stmt"/>
        <line num="64" count="0" type="stmt"/>
        <line num="67" count="3" type="stmt"/>
      </file>
      <file name="utils.js" path="/Users/shen/work/movie-app/frontend/src/utils.js">
        <metrics statements="6" coveredstatements="5" conditionals="0" coveredconditionals="0" methods="1" coveredmethods="1"/>
        <line num="2" count="1" type="stmt"/>
        <line num="3" count="1" type="stmt"/>
        <line num="4" count="1" type="stmt"/>
        <line num="5" count="1" type="stmt"/>
        <line num="6" count="0" type="stmt"/>
        <line num="8" count="1" type="stmt"/>
      </file>
    </package>
    <package name="src.components">
      <metrics statements="18" coveredstatements="18" conditionals="2" coveredconditionals="2" methods="11" coveredmethods="11"/>
      <file name="MovieButtons.js" path="/Users/shen/work/movie-app/frontend/src/components/MovieButtons.js">
        <metrics statements="5" coveredstatements="5" conditionals="0" coveredconditionals="0" methods="3" coveredmethods="3"/>
        <line num="4" count="2" type="stmt"/>
        <line num="6" count="2" type="stmt"/>
        <line num="7" count="5" type="stmt"/>
        <line num="10" count="15" type="stmt"/>
        <line num="14" count="4" type="stmt"/>
      </file>
      <file name="MovieList.js" path="/Users/shen/work/movie-app/frontend/src/components/MovieList.js">
        <metrics statements="9" coveredstatements="9" conditionals="2" coveredconditionals="2" methods="5" coveredmethods="5"/>
        <line num="16" count="2" type="stmt"/>
        <line num="17" count="5" type="stmt"/>
        <line num="24" count="2" type="stmt"/>
        <line num="25" count="3" type="stmt"/>
        <line num="31" count="2" type="stmt"/>
        <line num="32" count="1" type="stmt"/>
        <line num="38" count="2" type="stmt"/>
        <line num="39" count="5" type="stmt"/>
        <line num="42" count="3" type="stmt"/>
      </file>
      <file name="SortDropdown.js" path="/Users/shen/work/movie-app/frontend/src/components/SortDropdown.js">
        <metrics statements="4" coveredstatements="4" conditionals="0" coveredconditionals="0" methods="3" coveredmethods="3"/>
        <line num="4" count="2" type="stmt"/>
        <line num="5" count="5" type="stmt"/>
        <line num="11" count="1" type="stmt"/>
        <line num="15" count="27" type="stmt"/>
      </file>
    </package>
  </project>
</coverage>
