{"/Users/shen/work/movie-app/frontend/src/App.js": {"path":"/Users/shen/work/movie-app/frontend/src/App.js","statementMap":{"0":{"start":{"line":14,"column":12},"end":{"line":101,"column":1}},"1":{"start":{"line":15,"column":30},"end":{"line":15,"column":42}},"2":{"start":{"line":16,"column":32},"end":{"line":16,"column":47}},"3":{"start":{"line":17,"column":32},"end":{"line":17,"column":48}},"4":{"start":{"line":18,"column":25},"end":{"line":26,"column":3}},"5":{"start":{"line":28,"column":22},"end":{"line":44,"column":3}},"6":{"start":{"line":29,"column":4},"end":{"line":29,"column":21}},"7":{"start":{"line":31,"column":25},"end":{"line":31,"column":55}},"8":{"start":{"line":33,"column":4},"end":{"line":43,"column":9}},"9":{"start":{"line":36,"column":8},"end":{"line":36,"column":33}},"10":{"start":{"line":39,"column":8},"end":{"line":39,"column":53}},"11":{"start":{"line":42,"column":8},"end":{"line":42,"column":26}},"12":{"start":{"line":46,"column":21},"end":{"line":65,"column":3}},"13":{"start":{"line":47,"column":4},"end":{"line":49,"column":5}},"14":{"start":{"line":48,"column":6},"end":{"line":48,"column":20}},"15":{"start":{"line":50,"column":25},"end":{"line":50,"column":36}},"16":{"start":{"line":52,"column":4},"end":{"line":62,"column":7}},"17":{"start":{"line":53,"column":32},"end":{"line":53,"column":50}},"18":{"start":{"line":54,"column":20},"end":{"line":54,"column":27}},"19":{"start":{"line":55,"column":20},"end":{"line":55,"column":27}},"20":{"start":{"line":57,"column":6},"end":{"line":61,"column":7}},"21":{"start":{"line":58,"column":8},"end":{"line":58,"column":42}},"22":{"start":{"line":60,"column":8},"end":{"line":60,"column":42}},"23":{"start":{"line":64,"column":4},"end":{"line":64,"column":24}},"24":{"start":{"line":67,"column":2},"end":{"line":100,"column":4}}},"fnMap":{"0":{"name":"(anonymous_0)","decl":{"start":{"line":14,"column":12},"end":{"line":14,"column":13}},"loc":{"start":{"line":14,"column":18},"end":{"line":101,"column":1}},"line":14},"1":{"name":"(anonymous_1)","decl":{"start":{"line":28,"column":22},"end":{"line":28,"column":23}},"loc":{"start":{"line":28,"column":38},"end":{"line":44,"column":3}},"line":28},"2":{"name":"(anonymous_2)","decl":{"start":{"line":35,"column":12},"end":{"line":35,"column":13}},"loc":{"start":{"line":35,"column":26},"end":{"line":37,"column":7}},"line":35},"3":{"name":"(anonymous_3)","decl":{"start":{"line":38,"column":13},"end":{"line":38,"column":14}},"loc":{"start":{"line":38,"column":24},"end":{"line":40,"column":7}},"line":38},"4":{"name":"(anonymous_4)","decl":{"start":{"line":41,"column":15},"end":{"line":41,"column":16}},"loc":{"start":{"line":41,"column":21},"end":{"line":43,"column":7}},"line":41},"5":{"name":"(anonymous_5)","decl":{"start":{"line":46,"column":21},"end":{"line":46,"column":22}},"loc":{"start":{"line":46,"column":33},"end":{"line":65,"column":3}},"line":46},"6":{"name":"(anonymous_6)","decl":{"start":{"line":52,"column":22},"end":{"line":52,"column":23}},"loc":{"start":{"line":52,"column":32},"end":{"line":62,"column":5}},"line":52}},"branchMap":{"0":{"loc":{"start":{"line":47,"column":4},"end":{"line":49,"column":5}},"type":"if","locations":[{"start":{"line":47,"column":4},"end":{"line":49,"column":5}},{"start":{},"end":{}}],"line":47},"1":{"loc":{"start":{"line":57,"column":6},"end":{"line":61,"column":7}},"type":"if","locations":[{"start":{"line":57,"column":6},"end":{"line":61,"column":7}},{"start":{"line":59,"column":13},"end":{"line":61,"column":7}}],"line":57},"2":{"loc":{"start":{"line":84,"column":26},"end":{"line":84,"column":52}},"type":"binary-expr","locations":[{"start":{"line":84,"column":26},"end":{"line":84,"column":33}},{"start":{"line":84,"column":37},"end":{"line":84,"column":52}}],"line":84},"3":{"loc":{"start":{"line":85,"column":15},"end":{"line":85,"column":56}},"type":"binary-expr","locations":[{"start":{"line":85,"column":15},"end":{"line":85,"column":32}},{"start":{"line":85,"column":36},"end":{"line":85,"column":56}}],"line":85},"4":{"loc":{"start":{"line":95,"column":11},"end":{"line":95,"column":40}},"type":"binary-expr","locations":[{"start":{"line":95,"column":11},"end":{"line":95,"column":18}},{"start":{"line":95,"column":22},"end":{"line":95,"column":40}}],"line":95}},"s":{"0":1,"1":3,"2":3,"3":3,"4":3,"5":3,"6":1,"7":1,"8":1,"9":1,"10":0,"11":1,"12":3,"13":3,"14":3,"15":0,"16":0,"17":0,"18":0,"19":0,"20":0,"21":0,"22":0,"23":0,"24":3},"f":{"0":3,"1":1,"2":1,"3":0,"4":1,"5":3,"6":0},"b":{"0":[3,0],"1":[0,0],"2":[3,1],"3":[3,1],"4":[3,1]},"_coverageSchema":"1a1c01bbd47fc00a2c39e90264f33305004495a9","hash":"6fa652c5d4fe021926f1f095aa54a459c788c33b"}
,"/Users/shen/work/movie-app/frontend/src/utils.js": {"path":"/Users/shen/work/movie-app/frontend/src/utils.js","statementMap":{"0":{"start":{"line":2,"column":15},"end":{"line":2,"column":17}},"1":{"start":{"line":3,"column":16},"end":{"line":3,"column":38}},"2":{"start":{"line":4,"column":14},"end":{"line":4,"column":30}},"3":{"start":{"line":5,"column":2},"end":{"line":7,"column":3}},"4":{"start":{"line":5,"column":15},"end":{"line":5,"column":16}},"5":{"start":{"line":6,"column":4},"end":{"line":6,"column":44}},"6":{"start":{"line":8,"column":2},"end":{"line":8,"column":22}}},"fnMap":{"0":{"name":"arrayBufferToBase64","decl":{"start":{"line":1,"column":16},"end":{"line":1,"column":35}},"loc":{"start":{"line":1,"column":44},"end":{"line":9,"column":1}},"line":1}},"branchMap":{},"s":{"0":1,"1":1,"2":1,"3":1,"4":1,"5":0,"6":1},"f":{"0":1},"b":{},"_coverageSchema":"1a1c01bbd47fc00a2c39e90264f33305004495a9","hash":"b1f684f128af062601642792936956f379a15f69"}
,"/Users/shen/work/movie-app/frontend/src/components/MovieButtons.js": {"path":"/Users/shen/work/movie-app/frontend/src/components/MovieButtons.js","statementMap":{"0":{"start":{"line":4,"column":19},"end":{"line":4,"column":70}},"1":{"start":{"line":6,"column":21},"end":{"line":21,"column":1}},"2":{"start":{"line":7,"column":2},"end":{"line":20,"column":4}},"3":{"start":{"line":10,"column":8},"end":{"line":17,"column":17}},"4":{"start":{"line":14,"column":25},"end":{"line":14,"column":47}}},"fnMap":{"0":{"name":"(anonymous_0)","decl":{"start":{"line":6,"column":21},"end":{"line":6,"column":22}},"loc":{"start":{"line":6,"column":42},"end":{"line":21,"column":1}},"line":6},"1":{"name":"(anonymous_1)","decl":{"start":{"line":9,"column":22},"end":{"line":9,"column":23}},"loc":{"start":{"line":10,"column":8},"end":{"line":17,"column":17}},"line":10},"2":{"name":"(anonymous_2)","decl":{"start":{"line":14,"column":19},"end":{"line":14,"column":20}},"loc":{"start":{"line":14,"column":25},"end":{"line":14,"column":47}},"line":14}},"branchMap":{},"s":{"0":2,"1":2,"2":5,"3":15,"4":4},"f":{"0":5,"1":15,"2":4},"b":{},"_coverageSchema":"1a1c01bbd47fc00a2c39e90264f33305004495a9","hash":"a42c2b649eb95eeb3af2e3b4299b5ca8f3c5cf9d"}
,"/Users/shen/work/movie-app/frontend/src/components/MovieList.js": {"path":"/Users/shen/work/movie-app/frontend/src/components/MovieList.js","statementMap":{"0":{"start":{"line":16,"column":19},"end":{"line":22,"column":1}},"1":{"start":{"line":17,"column":17},"end":{"line":21,"column":1}},"2":{"start":{"line":24,"column":23},"end":{"line":29,"column":1}},"3":{"start":{"line":25,"column":17},"end":{"line":28,"column":1}},"4":{"start":{"line":31,"column":24},"end":{"line":36,"column":1}},"5":{"start":{"line":32,"column":17},"end":{"line":35,"column":1}},"6":{"start":{"line":38,"column":18},"end":{"line":89,"column":1}},"7":{"start":{"line":39,"column":2},"end":{"line":88,"column":4}},"8":{"start":{"line":42,"column":8},"end":{"line":85,"column":25}}},"fnMap":{"0":{"name":"(anonymous_0)","decl":{"start":{"line":17,"column":2},"end":{"line":17,"column":3}},"loc":{"start":{"line":17,"column":17},"end":{"line":21,"column":1}},"line":17},"1":{"name":"(anonymous_1)","decl":{"start":{"line":25,"column":2},"end":{"line":25,"column":3}},"loc":{"start":{"line":25,"column":17},"end":{"line":28,"column":1}},"line":25},"2":{"name":"(anonymous_2)","decl":{"start":{"line":32,"column":2},"end":{"line":32,"column":3}},"loc":{"start":{"line":32,"column":17},"end":{"line":35,"column":1}},"line":32},"3":{"name":"(anonymous_3)","decl":{"start":{"line":38,"column":18},"end":{"line":38,"column":19}},"loc":{"start":{"line":38,"column":46},"end":{"line":89,"column":1}},"line":38},"4":{"name":"(anonymous_4)","decl":{"start":{"line":41,"column":30},"end":{"line":41,"column":31}},"loc":{"start":{"line":42,"column":8},"end":{"line":85,"column":25}},"line":42}},"branchMap":{"0":{"loc":{"start":{"line":51,"column":13},"end":{"line":66,"column":13}},"type":"cond-expr","locations":[{"start":{"line":52,"column":14},"end":{"line":58,"column":16}},{"start":{"line":60,"column":14},"end":{"line":65,"column":16}}],"line":51}},"s":{"0":2,"1":5,"2":2,"3":3,"4":2,"5":1,"6":2,"7":5,"8":3},"f":{"0":5,"1":3,"2":1,"3":5,"4":3},"b":{"0":[1,2]},"_coverageSchema":"1a1c01bbd47fc00a2c39e90264f33305004495a9","hash":"d71179ee1ab85dfae100274d1eaacd330a8a91e9"}
,"/Users/shen/work/movie-app/frontend/src/components/SortDropdown.js": {"path":"/Users/shen/work/movie-app/frontend/src/components/SortDropdown.js","statementMap":{"0":{"start":{"line":4,"column":21},"end":{"line":22,"column":1}},"1":{"start":{"line":5,"column":2},"end":{"line":21,"column":4}},"2":{"start":{"line":11,"column":25},"end":{"line":11,"column":51}},"3":{"start":{"line":15,"column":10},"end":{"line":17,"column":21}}},"fnMap":{"0":{"name":"(anonymous_0)","decl":{"start":{"line":4,"column":21},"end":{"line":4,"column":22}},"loc":{"start":{"line":4,"column":66},"end":{"line":22,"column":1}},"line":4},"1":{"name":"(anonymous_1)","decl":{"start":{"line":11,"column":18},"end":{"line":11,"column":19}},"loc":{"start":{"line":11,"column":25},"end":{"line":11,"column":51}},"line":11},"2":{"name":"(anonymous_2)","decl":{"start":{"line":14,"column":28},"end":{"line":14,"column":29}},"loc":{"start":{"line":15,"column":10},"end":{"line":17,"column":21}},"line":15}},"branchMap":{},"s":{"0":2,"1":5,"2":1,"3":27},"f":{"0":5,"1":1,"2":27},"b":{},"_coverageSchema":"1a1c01bbd47fc00a2c39e90264f33305004495a9","hash":"1c24a1bcae3dbda76f082d1832e18a92fc0513fc"}
}
