TN:
SF:src/App.js
FN:14,(anonymous_0)
FN:28,(anonymous_1)
FN:35,(anonymous_2)
FN:38,(anonymous_3)
FN:41,(anonymous_4)
FN:46,(anonymous_5)
FN:52,(anonymous_6)
FNF:7
FNH:5
FNDA:3,(anonymous_0)
FNDA:1,(anonymous_1)
FNDA:1,(anonymous_2)
FNDA:0,(anonymous_3)
FNDA:1,(anonymous_4)
FNDA:3,(anonymous_5)
FNDA:0,(anonymous_6)
DA:14,1
DA:15,3
DA:16,3
DA:17,3
DA:18,3
DA:28,3
DA:29,1
DA:31,1
DA:33,1
DA:36,1
DA:39,0
DA:42,1
DA:46,3
DA:47,3
DA:48,3
DA:50,0
DA:52,0
DA:53,0
DA:54,0
DA:55,0
DA:57,0
DA:58,0
DA:60,0
DA:64,0
DA:67,3
LF:25
LH:15
BRDA:47,0,0,3
BRDA:47,0,1,0
BRDA:57,1,0,0
BRDA:57,1,1,0
BRDA:84,2,0,3
BRDA:84,2,1,1
BRDA:85,3,0,3
BRDA:85,3,1,1
BRDA:95,4,0,3
BRDA:95,4,1,1
BRF:10
BRH:7
end_of_record
TN:
SF:src/utils.js
FN:1,arrayBufferToBase64
FNF:1
FNH:1
FNDA:1,arrayBufferToBase64
DA:2,1
DA:3,1
DA:4,1
DA:5,1
DA:6,0
DA:8,1
LF:6
LH:5
BRF:0
BRH:0
end_of_record
TN:
SF:src/components/MovieButtons.js
FN:6,(anonymous_0)
FN:9,(anonymous_1)
FN:14,(anonymous_2)
FNF:3
FNH:3
FNDA:5,(anonymous_0)
FNDA:15,(anonymous_1)
FNDA:4,(anonymous_2)
DA:4,2
DA:6,2
DA:7,5
DA:10,15
DA:14,4
LF:5
LH:5
BRF:0
BRH:0
end_of_record
TN:
SF:src/components/MovieList.js
FN:17,(anonymous_0)
FN:25,(anonymous_1)
FN:32,(anonymous_2)
FN:38,(anonymous_3)
FN:41,(anonymous_4)
FNF:5
FNH:5
FNDA:5,(anonymous_0)
FNDA:3,(anonymous_1)
FNDA:1,(anonymous_2)
FNDA:5,(anonymous_3)
FNDA:3,(anonymous_4)
DA:16,2
DA:17,5
DA:24,2
DA:25,3
DA:31,2
DA:32,1
DA:38,2
DA:39,5
DA:42,3
LF:9
LH:9
BRDA:51,0,0,1
BRDA:51,0,1,2
BRF:2
BRH:2
end_of_record
TN:
SF:src/components/SortDropdown.js
FN:4,(anonymous_0)
FN:11,(anonymous_1)
FN:14,(anonymous_2)
FNF:3
FNH:3
FNDA:5,(anonymous_0)
FNDA:1,(anonymous_1)
FNDA:27,(anonymous_2)
DA:4,2
DA:5,5
DA:11,1
DA:15,27
LF:4
LH:4
BRF:0
BRH:0
end_of_record
